<?xml version="1.0" encoding="UTF-8"?>
<!-- Generated by org.testng.reporters.JUnitReportReporter -->
<testsuite hostname="DESKTOP-RG1NE82" failures="0" tests="1" name="TCS_JLR.VaibhavsFramew.SignupTestCase" time="15.599" errors="0" timestamp="2023-05-07T23:04:52 IST" skipped="0">
  <testcase classname="TCS_JLR.VaibhavsFramew.SignupTestCase" name="fillSignupData" time="15.599"/>
  <system-out/>
</testsuite> <!-- TCS_JLR.VaibhavsFramew.SignupTestCase -->
